<object-stream>
<org.drools.kiesession.audit.WorkingMemoryLog>
  <version>6.1</version>
  <events>
    <org.drools.kiesession.audit.ObjectLogEvent>
      <type>1</type>
      <factId>1</factId>
      <objectToString>TravelRequest{customerId=&apos;CUST-001&apos;, maxBudget=4000.0, numberOfTravelers=2, durationDays=7, interests=[plaża, zwiedzanie], preferredRegion=&apos;Europa&apos;}</objectToString>
    </org.drools.kiesession.audit.ObjectLogEvent>
    <org.drools.kiesession.audit.ObjectLogEvent>
      <type>1</type>
      <factId>2</factId>
      <objectToString>HolidayPackage (NEW):

  - Cena Całkowita: 0,00 zł
  - Lot: Brak
  - Hotel: Brak
  - Atrakcje: Brak
  - Notatki: []</objectToString>
    </org.drools.kiesession.audit.ObjectLogEvent>
    <org.drools.kiesession.audit.ActivationLogEvent>
      <type>4</type>
      <activationId>Step 1: Select European Flight [1, 2]</activationId>
      <rule>Step 1: Select European Flight</rule>
      <declarations>$req=TravelRequest{customerId=&apos;CUST-001&apos;, maxBudget=4000.0, numberOfTravelers=2, durationDays=7, interests=[plaża, zwiedzanie], preferredRegion=&apos;Europa&apos;}; $pkg=HolidayPackage (NEW):

  - Cena Całkowita: 0,00 zł
  - Lot: Brak
  - Hotel: Brak
  - Atrakcje: Brak
  - Notatki: []</declarations>
      <factHandleIds>2,1</factHandleIds>
    </org.drools.kiesession.audit.ActivationLogEvent>
    <org.drools.kiesession.audit.ActivationLogEvent>
      <type>6</type>
      <activationId>Step 1: Select European Flight [1, 2]</activationId>
      <rule>Step 1: Select European Flight</rule>
      <declarations>$req=TravelRequest{customerId=&apos;CUST-001&apos;, maxBudget=4000.0, numberOfTravelers=2, durationDays=7, interests=[plaża, zwiedzanie], preferredRegion=&apos;Europa&apos;}; $pkg=HolidayPackage (NEW):

  - Cena Całkowita: 0,00 zł
  - Lot: Brak
  - Hotel: Brak
  - Atrakcje: Brak
  - Notatki: []</declarations>
      <factHandleIds>2,1</factHandleIds>
    </org.drools.kiesession.audit.ActivationLogEvent>
    <org.drools.kiesession.audit.ObjectLogEvent>
      <type>2</type>
      <factId>2</factId>
      <objectToString>HolidayPackage (FLIGHT_SELECTED):

  - Cena Całkowita: 0,00 zł
  - Lot: Lot do Hiszpania liniami Linie Budżetowe (Klasa: Ekonomiczna, Cena: 1600,00 zł)
  - Hotel: Brak
  - Atrakcje: Brak
  - Notatki: [Krok 1: Wybrano lot.]</objectToString>
    </org.drools.kiesession.audit.ObjectLogEvent>
    <org.drools.kiesession.audit.ActivationLogEvent>
      <type>7</type>
      <activationId>Step 1: Select European Flight [1, 2]</activationId>
      <rule>Step 1: Select European Flight</rule>
      <declarations>$req=TravelRequest{customerId=&apos;CUST-001&apos;, maxBudget=4000.0, numberOfTravelers=2, durationDays=7, interests=[plaża, zwiedzanie], preferredRegion=&apos;Europa&apos;}; $pkg=HolidayPackage (FLIGHT_SELECTED):

  - Cena Całkowita: 0,00 zł
  - Lot: Lot do Hiszpania liniami Linie Budżetowe (Klasa: Ekonomiczna, Cena: 1600,00 zł)
  - Hotel: Brak
  - Atrakcje: Brak
  - Notatki: [Krok 1: Wybrano lot.]</declarations>
      <factHandleIds>2,1</factHandleIds>
    </org.drools.kiesession.audit.ActivationLogEvent>
    <org.drools.kiesession.audit.ActivationLogEvent>
      <type>4</type>
      <activationId>Step 2: Select Budget Hotel [1, 2]</activationId>
      <rule>Step 2: Select Budget Hotel</rule>
      <declarations>$req=TravelRequest{customerId=&apos;CUST-001&apos;, maxBudget=4000.0, numberOfTravelers=2, durationDays=7, interests=[plaża, zwiedzanie], preferredRegion=&apos;Europa&apos;}; $pkg=HolidayPackage (FLIGHT_SELECTED):

  - Cena Całkowita: 0,00 zł
  - Lot: Lot do Hiszpania liniami Linie Budżetowe (Klasa: Ekonomiczna, Cena: 1600,00 zł)
  - Hotel: Brak
  - Atrakcje: Brak
  - Notatki: [Krok 1: Wybrano lot.]</declarations>
      <factHandleIds>2,1</factHandleIds>
    </org.drools.kiesession.audit.ActivationLogEvent>
    <org.drools.kiesession.audit.ActivationLogEvent>
      <type>6</type>
      <activationId>Step 2: Select Budget Hotel [1, 2]</activationId>
      <rule>Step 2: Select Budget Hotel</rule>
      <declarations>$req=TravelRequest{customerId=&apos;CUST-001&apos;, maxBudget=4000.0, numberOfTravelers=2, durationDays=7, interests=[plaża, zwiedzanie], preferredRegion=&apos;Europa&apos;}; $pkg=HolidayPackage (FLIGHT_SELECTED):

  - Cena Całkowita: 0,00 zł
  - Lot: Lot do Hiszpania liniami Linie Budżetowe (Klasa: Ekonomiczna, Cena: 1600,00 zł)
  - Hotel: Brak
  - Atrakcje: Brak
  - Notatki: [Krok 1: Wybrano lot.]</declarations>
      <factHandleIds>2,1</factHandleIds>
    </org.drools.kiesession.audit.ActivationLogEvent>
    <org.drools.kiesession.audit.ObjectLogEvent>
      <type>2</type>
      <factId>2</factId>
      <objectToString>HolidayPackage (HOTEL_SELECTED):

  - Cena Całkowita: 0,00 zł
  - Lot: Lot do Hiszpania liniami Linie Budżetowe (Klasa: Ekonomiczna, Cena: 1600,00 zł)
  - Hotel: Hotel Słoneczny Brzeg (3 gwiazdek, 150,00 zł/noc)
  - Atrakcje: Brak
  - Notatki: [Krok 1: Wybrano lot., Krok 2: Wybrano hotel budżetowy.]</objectToString>
    </org.drools.kiesession.audit.ObjectLogEvent>
    <org.drools.kiesession.audit.ActivationLogEvent>
      <type>7</type>
      <activationId>Step 2: Select Budget Hotel [1, 2]</activationId>
      <rule>Step 2: Select Budget Hotel</rule>
      <declarations>$req=TravelRequest{customerId=&apos;CUST-001&apos;, maxBudget=4000.0, numberOfTravelers=2, durationDays=7, interests=[plaża, zwiedzanie], preferredRegion=&apos;Europa&apos;}; $pkg=HolidayPackage (HOTEL_SELECTED):

  - Cena Całkowita: 0,00 zł
  - Lot: Lot do Hiszpania liniami Linie Budżetowe (Klasa: Ekonomiczna, Cena: 1600,00 zł)
  - Hotel: Hotel Słoneczny Brzeg (3 gwiazdek, 150,00 zł/noc)
  - Atrakcje: Brak
  - Notatki: [Krok 1: Wybrano lot., Krok 2: Wybrano hotel budżetowy.]</declarations>
      <factHandleIds>2,1</factHandleIds>
    </org.drools.kiesession.audit.ActivationLogEvent>
    <org.drools.kiesession.audit.ActivationLogEvent>
      <type>4</type>
      <activationId>Step 3: Initial Pricing [2]</activationId>
      <rule>Step 3: Initial Pricing</rule>
      <declarations>$pkg=HolidayPackage (HOTEL_SELECTED):

  - Cena Całkowita: 0,00 zł
  - Lot: Lot do Hiszpania liniami Linie Budżetowe (Klasa: Ekonomiczna, Cena: 1600,00 zł)
  - Hotel: Hotel Słoneczny Brzeg (3 gwiazdek, 150,00 zł/noc)
  - Atrakcje: Brak
  - Notatki: [Krok 1: Wybrano lot., Krok 2: Wybrano hotel budżetowy.]</declarations>
      <factHandleIds>2</factHandleIds>
    </org.drools.kiesession.audit.ActivationLogEvent>
    <org.drools.kiesession.audit.ActivationLogEvent>
      <type>6</type>
      <activationId>Step 3: Initial Pricing [2]</activationId>
      <rule>Step 3: Initial Pricing</rule>
      <declarations>$pkg=HolidayPackage (HOTEL_SELECTED):

  - Cena Całkowita: 0,00 zł
  - Lot: Lot do Hiszpania liniami Linie Budżetowe (Klasa: Ekonomiczna, Cena: 1600,00 zł)
  - Hotel: Hotel Słoneczny Brzeg (3 gwiazdek, 150,00 zł/noc)
  - Atrakcje: Brak
  - Notatki: [Krok 1: Wybrano lot., Krok 2: Wybrano hotel budżetowy.]</declarations>
      <factHandleIds>2</factHandleIds>
    </org.drools.kiesession.audit.ActivationLogEvent>
    <org.drools.kiesession.audit.ObjectLogEvent>
      <type>2</type>
      <factId>2</factId>
      <objectToString>HolidayPackage (PRICED):

  - Cena Całkowita: 2650,00 zł
  - Lot: Lot do Hiszpania liniami Linie Budżetowe (Klasa: Ekonomiczna, Cena: 1600,00 zł)
  - Hotel: Hotel Słoneczny Brzeg (3 gwiazdek, 150,00 zł/noc)
  - Atrakcje: Brak
  - Notatki: [Krok 1: Wybrano lot., Krok 2: Wybrano hotel budżetowy., Krok 3: Obliczono cenę wstępną.]</objectToString>
    </org.drools.kiesession.audit.ObjectLogEvent>
    <org.drools.kiesession.audit.ActivationLogEvent>
      <type>7</type>
      <activationId>Step 3: Initial Pricing [2]</activationId>
      <rule>Step 3: Initial Pricing</rule>
      <declarations>$pkg=HolidayPackage (PRICED):

  - Cena Całkowita: 2650,00 zł
  - Lot: Lot do Hiszpania liniami Linie Budżetowe (Klasa: Ekonomiczna, Cena: 1600,00 zł)
  - Hotel: Hotel Słoneczny Brzeg (3 gwiazdek, 150,00 zł/noc)
  - Atrakcje: Brak
  - Notatki: [Krok 1: Wybrano lot., Krok 2: Wybrano hotel budżetowy., Krok 3: Obliczono cenę wstępną.]</declarations>
      <factHandleIds>2</factHandleIds>
    </org.drools.kiesession.audit.ActivationLogEvent>
    <org.drools.kiesession.audit.ActivationLogEvent>
      <type>4</type>
      <activationId>Step 4: Add Sightseeing Activity [1, 2]</activationId>
      <rule>Step 4: Add Sightseeing Activity</rule>
      <declarations>$req=TravelRequest{customerId=&apos;CUST-001&apos;, maxBudget=4000.0, numberOfTravelers=2, durationDays=7, interests=[plaża, zwiedzanie], preferredRegion=&apos;Europa&apos;}; $pkg=HolidayPackage (PRICED):

  - Cena Całkowita: 2650,00 zł
  - Lot: Lot do Hiszpania liniami Linie Budżetowe (Klasa: Ekonomiczna, Cena: 1600,00 zł)
  - Hotel: Hotel Słoneczny Brzeg (3 gwiazdek, 150,00 zł/noc)
  - Atrakcje: Brak
  - Notatki: [Krok 1: Wybrano lot., Krok 2: Wybrano hotel budżetowy., Krok 3: Obliczono cenę wstępną.]</declarations>
      <factHandleIds>2,1</factHandleIds>
    </org.drools.kiesession.audit.ActivationLogEvent>
    <org.drools.kiesession.audit.ActivationLogEvent>
      <type>6</type>
      <activationId>Step 4: Add Sightseeing Activity [1, 2]</activationId>
      <rule>Step 4: Add Sightseeing Activity</rule>
      <declarations>$req=TravelRequest{customerId=&apos;CUST-001&apos;, maxBudget=4000.0, numberOfTravelers=2, durationDays=7, interests=[plaża, zwiedzanie], preferredRegion=&apos;Europa&apos;}; $pkg=HolidayPackage (PRICED):

  - Cena Całkowita: 2650,00 zł
  - Lot: Lot do Hiszpania liniami Linie Budżetowe (Klasa: Ekonomiczna, Cena: 1600,00 zł)
  - Hotel: Hotel Słoneczny Brzeg (3 gwiazdek, 150,00 zł/noc)
  - Atrakcje: Brak
  - Notatki: [Krok 1: Wybrano lot., Krok 2: Wybrano hotel budżetowy., Krok 3: Obliczono cenę wstępną.]</declarations>
      <factHandleIds>2,1</factHandleIds>
    </org.drools.kiesession.audit.ActivationLogEvent>
    <org.drools.kiesession.audit.ObjectLogEvent>
      <type>1</type>
      <factId>3</factId>
      <objectToString>Wycieczka po mieście (OPCJONALNA, Cena: 300,00 zł)</objectToString>
    </org.drools.kiesession.audit.ObjectLogEvent>
    <org.drools.kiesession.audit.ActivationLogEvent>
      <type>7</type>
      <activationId>Step 4: Add Sightseeing Activity [1, 2]</activationId>
      <rule>Step 4: Add Sightseeing Activity</rule>
      <declarations>$req=TravelRequest{customerId=&apos;CUST-001&apos;, maxBudget=4000.0, numberOfTravelers=2, durationDays=7, interests=[plaża, zwiedzanie], preferredRegion=&apos;Europa&apos;}; $pkg=HolidayPackage (PRICED):

  - Cena Całkowita: 2650,00 zł
  - Lot: Lot do Hiszpania liniami Linie Budżetowe (Klasa: Ekonomiczna, Cena: 1600,00 zł)
  - Hotel: Hotel Słoneczny Brzeg (3 gwiazdek, 150,00 zł/noc)
  - Atrakcje: Brak
  - Notatki: [Krok 1: Wybrano lot., Krok 2: Wybrano hotel budżetowy., Krok 3: Obliczono cenę wstępną.]</declarations>
      <factHandleIds>2,1</factHandleIds>
    </org.drools.kiesession.audit.ActivationLogEvent>
    <org.drools.kiesession.audit.ActivationLogEvent>
      <type>4</type>
      <activationId>Step 5: Incorporate New Activity [3, 2]</activationId>
      <rule>Step 5: Incorporate New Activity</rule>
      <declarations>$activity=Wycieczka po mieście (OPCJONALNA, Cena: 300,00 zł); $pkg=HolidayPackage (PRICED):

  - Cena Całkowita: 2650,00 zł
  - Lot: Lot do Hiszpania liniami Linie Budżetowe (Klasa: Ekonomiczna, Cena: 1600,00 zł)
  - Hotel: Hotel Słoneczny Brzeg (3 gwiazdek, 150,00 zł/noc)
  - Atrakcje: Brak
  - Notatki: [Krok 1: Wybrano lot., Krok 2: Wybrano hotel budżetowy., Krok 3: Obliczono cenę wstępną.]</declarations>
      <factHandleIds>3,2</factHandleIds>
    </org.drools.kiesession.audit.ActivationLogEvent>
    <org.drools.kiesession.audit.ActivationLogEvent>
      <type>6</type>
      <activationId>Step 5: Incorporate New Activity [3, 2]</activationId>
      <rule>Step 5: Incorporate New Activity</rule>
      <declarations>$activity=Wycieczka po mieście (OPCJONALNA, Cena: 300,00 zł); $pkg=HolidayPackage (PRICED):

  - Cena Całkowita: 2650,00 zł
  - Lot: Lot do Hiszpania liniami Linie Budżetowe (Klasa: Ekonomiczna, Cena: 1600,00 zł)
  - Hotel: Hotel Słoneczny Brzeg (3 gwiazdek, 150,00 zł/noc)
  - Atrakcje: Brak
  - Notatki: [Krok 1: Wybrano lot., Krok 2: Wybrano hotel budżetowy., Krok 3: Obliczono cenę wstępną.]</declarations>
      <factHandleIds>3,2</factHandleIds>
    </org.drools.kiesession.audit.ActivationLogEvent>
    <org.drools.kiesession.audit.ObjectLogEvent>
      <type>2</type>
      <factId>2</factId>
      <objectToString>HolidayPackage (PRICED):

  - Cena Całkowita: 2950,00 zł
  - Lot: Lot do Hiszpania liniami Linie Budżetowe (Klasa: Ekonomiczna, Cena: 1600,00 zł)
  - Hotel: Hotel Słoneczny Brzeg (3 gwiazdek, 150,00 zł/noc)
  - Atrakcje: Wycieczka po mieście
  - Notatki: [Krok 1: Wybrano lot., Krok 2: Wybrano hotel budżetowy., Krok 3: Obliczono cenę wstępną., Dodano atrakcję: Wycieczka po mieście]</objectToString>
    </org.drools.kiesession.audit.ObjectLogEvent>
    <org.drools.kiesession.audit.ObjectLogEvent>
      <type>3</type>
      <factId>3</factId>
      <objectToString>Wycieczka po mieście (OPCJONALNA, Cena: 300,00 zł)</objectToString>
    </org.drools.kiesession.audit.ObjectLogEvent>
    <org.drools.kiesession.audit.ActivationLogEvent>
      <type>7</type>
      <activationId>Step 5: Incorporate New Activity [3, 2]</activationId>
      <rule>Step 5: Incorporate New Activity</rule>
      <declarations>$pkg=HolidayPackage (PRICED):

  - Cena Całkowita: 2950,00 zł
  - Lot: Lot do Hiszpania liniami Linie Budżetowe (Klasa: Ekonomiczna, Cena: 1600,00 zł)
  - Hotel: Hotel Słoneczny Brzeg (3 gwiazdek, 150,00 zł/noc)
  - Atrakcje: Wycieczka po mieście
  - Notatki: [Krok 1: Wybrano lot., Krok 2: Wybrano hotel budżetowy., Krok 3: Obliczono cenę wstępną., Dodano atrakcję: Wycieczka po mieście]</declarations>
      <factHandleIds>3,2</factHandleIds>
    </org.drools.kiesession.audit.ActivationLogEvent>
    <org.drools.kiesession.audit.ActivationLogEvent>
      <type>4</type>
      <activationId>Step 7: Final Validation - Within Budget [1, 2]</activationId>
      <rule>Step 7: Final Validation - Within Budget</rule>
      <declarations>$req=TravelRequest{customerId=&apos;CUST-001&apos;, maxBudget=4000.0, numberOfTravelers=2, durationDays=7, interests=[plaża, zwiedzanie], preferredRegion=&apos;Europa&apos;}; $pkg=HolidayPackage (PRICED):

  - Cena Całkowita: 2950,00 zł
  - Lot: Lot do Hiszpania liniami Linie Budżetowe (Klasa: Ekonomiczna, Cena: 1600,00 zł)
  - Hotel: Hotel Słoneczny Brzeg (3 gwiazdek, 150,00 zł/noc)
  - Atrakcje: Wycieczka po mieście
  - Notatki: [Krok 1: Wybrano lot., Krok 2: Wybrano hotel budżetowy., Krok 3: Obliczono cenę wstępną., Dodano atrakcję: Wycieczka po mieście]</declarations>
      <factHandleIds>2,1</factHandleIds>
    </org.drools.kiesession.audit.ActivationLogEvent>
    <org.drools.kiesession.audit.ActivationLogEvent>
      <type>6</type>
      <activationId>Step 7: Final Validation - Within Budget [1, 2]</activationId>
      <rule>Step 7: Final Validation - Within Budget</rule>
      <declarations>$req=TravelRequest{customerId=&apos;CUST-001&apos;, maxBudget=4000.0, numberOfTravelers=2, durationDays=7, interests=[plaża, zwiedzanie], preferredRegion=&apos;Europa&apos;}; $pkg=HolidayPackage (PRICED):

  - Cena Całkowita: 2950,00 zł
  - Lot: Lot do Hiszpania liniami Linie Budżetowe (Klasa: Ekonomiczna, Cena: 1600,00 zł)
  - Hotel: Hotel Słoneczny Brzeg (3 gwiazdek, 150,00 zł/noc)
  - Atrakcje: Wycieczka po mieście
  - Notatki: [Krok 1: Wybrano lot., Krok 2: Wybrano hotel budżetowy., Krok 3: Obliczono cenę wstępną., Dodano atrakcję: Wycieczka po mieście]</declarations>
      <factHandleIds>2,1</factHandleIds>
    </org.drools.kiesession.audit.ActivationLogEvent>
    <org.drools.kiesession.audit.ObjectLogEvent>
      <type>2</type>
      <factId>2</factId>
      <objectToString>HolidayPackage (COMPLETED):

  - Cena Całkowita: 2950,00 zł
  - Lot: Lot do Hiszpania liniami Linie Budżetowe (Klasa: Ekonomiczna, Cena: 1600,00 zł)
  - Hotel: Hotel Słoneczny Brzeg (3 gwiazdek, 150,00 zł/noc)
  - Atrakcje: Wycieczka po mieście
  - Notatki: [Krok 1: Wybrano lot., Krok 2: Wybrano hotel budżetowy., Krok 3: Obliczono cenę wstępną., Dodano atrakcję: Wycieczka po mieście, Krok 7: Walidacja zakończona pomyślnie.]</objectToString>
    </org.drools.kiesession.audit.ObjectLogEvent>
    <org.drools.kiesession.audit.ActivationLogEvent>
      <type>7</type>
      <activationId>Step 7: Final Validation - Within Budget [1, 2]</activationId>
      <rule>Step 7: Final Validation - Within Budget</rule>
      <declarations>$req=TravelRequest{customerId=&apos;CUST-001&apos;, maxBudget=4000.0, numberOfTravelers=2, durationDays=7, interests=[plaża, zwiedzanie], preferredRegion=&apos;Europa&apos;}; $pkg=HolidayPackage (COMPLETED):

  - Cena Całkowita: 2950,00 zł
  - Lot: Lot do Hiszpania liniami Linie Budżetowe (Klasa: Ekonomiczna, Cena: 1600,00 zł)
  - Hotel: Hotel Słoneczny Brzeg (3 gwiazdek, 150,00 zł/noc)
  - Atrakcje: Wycieczka po mieście
  - Notatki: [Krok 1: Wybrano lot., Krok 2: Wybrano hotel budżetowy., Krok 3: Obliczono cenę wstępną., Dodano atrakcję: Wycieczka po mieście, Krok 7: Walidacja zakończona pomyślnie.]</declarations>
      <factHandleIds>2,1</factHandleIds>
    </org.drools.kiesession.audit.ActivationLogEvent>
  </events>
</org.drools.kiesession.audit.WorkingMemoryLog>
</object-stream>
